2025-09-15 23:00:30,430 INFO supervisord started with pid 1541
2025-09-15 23:00:31,435 INFO spawned: 'celery-beat' with pid 1543
2025-09-15 23:00:31,437 INFO spawned: 'celery-worker' with pid 1544
2025-09-15 23:00:31,439 INFO spawned: 'fastapi' with pid 1545
2025-09-15 23:00:31,446 WARN exited: fastapi (exit status 1; not expected)
2025-09-15 23:00:31,662 WARN exited: celery-beat (exit status 2; not expected)
2025-09-15 23:00:31,662 WARN exited: celery-worker (exit status 2; not expected)
2025-09-15 23:00:32,666 INFO spawned: 'celery-beat' with pid 1570
2025-09-15 23:00:32,669 INFO spawned: 'celery-worker' with pid 1571
2025-09-15 23:00:32,671 INFO spawned: 'fastapi' with pid 1572
2025-09-15 23:00:32,676 WARN exited: fastapi (exit status 1; not expected)
2025-09-15 23:00:32,804 WARN exited: celery-worker (exit status 2; not expected)
2025-09-15 23:00:32,806 WARN exited: celery-beat (exit status 2; not expected)
2025-09-15 23:00:34,812 INFO spawned: 'celery-beat' with pid 1590
2025-09-15 23:00:34,814 INFO spawned: 'celery-worker' with pid 1591
2025-09-15 23:00:34,816 INFO spawned: 'fastapi' with pid 1592
2025-09-15 23:00:34,817 WARN received SIGINT indicating exit request
2025-09-15 23:00:34,818 INFO waiting for celery-beat, celery-worker, fastapi to die
2025-09-15 23:00:34,824 WARN stopped: fastapi (exit status 1)
2025-09-15 23:00:34,824 WARN stopped: celery-worker (terminated by SIGTERM)
2025-09-15 23:00:34,824 WARN stopped: celery-beat (terminated by SIGTERM)
